<?xml version="1.0" encoding="UTF-8"?>
<testng-results ignored="0" total="3" passed="3" failed="0" skipped="0">
  <reporter-output>
  </reporter-output>
  <suite started-at="2023-01-04T21:58:09 IST" name="Suite" finished-at="2023-01-04T21:59:58 IST" duration-ms="108993">
    <groups>
    </groups>
    <test started-at="2023-01-04T21:58:09 IST" name="Test" finished-at="2023-01-04T21:59:58 IST" duration-ms="108993">
      <class name="main.TestCases">
        <test-method is-config="true" signature="start()[pri:0, instance:main.TestCases@2f8dad04]" started-at="2023-01-04T21:58:09 IST" name="start" finished-at="2023-01-04T21:58:17 IST" duration-ms="8410" status="PASS">
          <reporter-output>
          </reporter-output>
        </test-method> <!-- start -->
        <test-method signature="testPIM1()[pri:0, instance:main.TestCases@2f8dad04]" started-at="2023-01-04T21:58:17 IST" name="testPIM1" finished-at="2023-01-04T21:58:54 IST" duration-ms="36589" status="PASS">
          <reporter-output>
          </reporter-output>
        </test-method> <!-- testPIM1 -->
        <test-method is-config="true" signature="end()[pri:0, instance:main.TestCases@2f8dad04]" started-at="2023-01-04T21:58:54 IST" name="end" finished-at="2023-01-04T21:58:54 IST" duration-ms="0" status="PASS">
          <reporter-output>
          </reporter-output>
        </test-method> <!-- end -->
        <test-method is-config="true" signature="start()[pri:0, instance:main.TestCases@2f8dad04]" started-at="2023-01-04T21:58:54 IST" name="start" finished-at="2023-01-04T21:58:59 IST" duration-ms="5491" status="PASS">
          <reporter-output>
          </reporter-output>
        </test-method> <!-- start -->
        <test-method signature="testPIM2()[pri:0, instance:main.TestCases@2f8dad04]" started-at="2023-01-04T21:58:59 IST" name="testPIM2" finished-at="2023-01-04T21:59:27 IST" duration-ms="27750" status="PASS">
          <reporter-output>
          </reporter-output>
        </test-method> <!-- testPIM2 -->
        <test-method is-config="true" signature="end()[pri:0, instance:main.TestCases@2f8dad04]" started-at="2023-01-04T21:59:27 IST" name="end" finished-at="2023-01-04T21:59:27 IST" duration-ms="0" status="PASS">
          <reporter-output>
          </reporter-output>
        </test-method> <!-- end -->
        <test-method is-config="true" signature="start()[pri:0, instance:main.TestCases@2f8dad04]" started-at="2023-01-04T21:59:27 IST" name="start" finished-at="2023-01-04T21:59:33 IST" duration-ms="5676" status="PASS">
          <reporter-output>
          </reporter-output>
        </test-method> <!-- start -->
        <test-method signature="testPIM3()[pri:0, instance:main.TestCases@2f8dad04]" started-at="2023-01-04T21:59:33 IST" name="testPIM3" finished-at="2023-01-04T21:59:58 IST" duration-ms="25012" status="PASS">
          <reporter-output>
          </reporter-output>
        </test-method> <!-- testPIM3 -->
        <test-method is-config="true" signature="end()[pri:0, instance:main.TestCases@2f8dad04]" started-at="2023-01-04T21:59:58 IST" name="end" finished-at="2023-01-04T21:59:58 IST" duration-ms="1" status="PASS">
          <reporter-output>
          </reporter-output>
        </test-method> <!-- end -->
      </class> <!-- main.TestCases -->
    </test> <!-- Test -->
  </suite> <!-- Suite -->
</testng-results>
